<?xml version="1.0" encoding="UTF-8"?>
<!-- Generated by org.testng.reporters.JUnitReportReporter -->
<testsuite hostname="LAPTOP-S4ET4P5F" failures="0" tests="1" name="testCases.TC_001_AccountRegistrationTest" time="2.982" errors="0" timestamp="2024-10-19T22:33:02 IST" skipped="0">
  <testcase classname="testCases.TC_001_AccountRegistrationTest" name="verify_account_registration" time="2.982"/>
</testsuite> <!-- testCases.TC_001_AccountRegistrationTest -->
